running egg_info
creating build/act1_3/act1_3.egg-info
writing build/act1_3/act1_3.egg-info/PKG-INFO
writing dependency_links to build/act1_3/act1_3.egg-info/dependency_links.txt
writing entry points to build/act1_3/act1_3.egg-info/entry_points.txt
writing requirements to build/act1_3/act1_3.egg-info/requires.txt
writing top-level names to build/act1_3/act1_3.egg-info/top_level.txt
writing manifest file 'build/act1_3/act1_3.egg-info/SOURCES.txt'
reading manifest file 'build/act1_3/act1_3.egg-info/SOURCES.txt'
writing manifest file 'build/act1_3/act1_3.egg-info/SOURCES.txt'
running build
running build_py
creating /root/ros2_tec_ws/src/act1_3/build/act1_3/build
creating /root/ros2_tec_ws/src/act1_3/build/act1_3/build/lib
creating /root/ros2_tec_ws/src/act1_3/build/act1_3/build/lib/act1_3
copying act1_3/sphere_movement.py -> /root/ros2_tec_ws/src/act1_3/build/act1_3/build/lib/act1_3
copying act1_3/__init__.py -> /root/ros2_tec_ws/src/act1_3/build/act1_3/build/lib/act1_3
running install
running install_lib
creating /root/ros2_tec_ws/src/act1_3/install/act1_3/lib/python3.10/site-packages/act1_3
copying /root/ros2_tec_ws/src/act1_3/build/act1_3/build/lib/act1_3/sphere_movement.py -> /root/ros2_tec_ws/src/act1_3/install/act1_3/lib/python3.10/site-packages/act1_3
copying /root/ros2_tec_ws/src/act1_3/build/act1_3/build/lib/act1_3/__init__.py -> /root/ros2_tec_ws/src/act1_3/install/act1_3/lib/python3.10/site-packages/act1_3
byte-compiling /root/ros2_tec_ws/src/act1_3/install/act1_3/lib/python3.10/site-packages/act1_3/sphere_movement.py to sphere_movement.cpython-310.pyc
byte-compiling /root/ros2_tec_ws/src/act1_3/install/act1_3/lib/python3.10/site-packages/act1_3/__init__.py to __init__.cpython-310.pyc
running install_data
creating /root/ros2_tec_ws/src/act1_3/install/act1_3/share/ament_index
creating /root/ros2_tec_ws/src/act1_3/install/act1_3/share/ament_index/resource_index
creating /root/ros2_tec_ws/src/act1_3/install/act1_3/share/ament_index/resource_index/packages
copying resource/act1_3 -> /root/ros2_tec_ws/src/act1_3/install/act1_3/share/ament_index/resource_index/packages
copying package.xml -> /root/ros2_tec_ws/src/act1_3/install/act1_3/share/act1_3
creating /root/ros2_tec_ws/src/act1_3/install/act1_3/share/act1_3/launch
