[0.856s] Invoking command in '/root/ros2_tec_ws/src/act1_3': PYTHONPATH=/root/ros2_tec_ws/src/act1_3/build/act1_3/prefix_override:/usr/lib/python3/dist-packages/colcon_core/task/python/colcon_distutils_commands:/root/ros2_tec_ws/src/act1_3/install/act1_3/lib/python3.10/site-packages:${PYTHONPATH} /usr/bin/python3 -W ignore:setup.py install is deprecated -W ignore:easy_install command is deprecated setup.py egg_info --egg-base build/act1_3 build --build-base /root/ros2_tec_ws/src/act1_3/build/act1_3/build install --record /root/ros2_tec_ws/src/act1_3/build/act1_3/install.log --single-version-externally-managed install_data
[1.170s] running egg_info
[1.172s] creating build/act1_3/act1_3.egg-info
[1.173s] writing build/act1_3/act1_3.egg-info/PKG-INFO
[1.173s] writing dependency_links to build/act1_3/act1_3.egg-info/dependency_links.txt
[1.174s] writing entry points to build/act1_3/act1_3.egg-info/entry_points.txt
[1.174s] writing requirements to build/act1_3/act1_3.egg-info/requires.txt
[1.179s] writing top-level names to build/act1_3/act1_3.egg-info/top_level.txt
[1.179s] writing manifest file 'build/act1_3/act1_3.egg-info/SOURCES.txt'
[1.181s] reading manifest file 'build/act1_3/act1_3.egg-info/SOURCES.txt'
[1.182s] writing manifest file 'build/act1_3/act1_3.egg-info/SOURCES.txt'
[1.182s] running build
[1.183s] running build_py
[1.183s] creating /root/ros2_tec_ws/src/act1_3/build/act1_3/build
[1.183s] creating /root/ros2_tec_ws/src/act1_3/build/act1_3/build/lib
[1.184s] creating /root/ros2_tec_ws/src/act1_3/build/act1_3/build/lib/act1_3
[1.185s] copying act1_3/sphere_movement.py -> /root/ros2_tec_ws/src/act1_3/build/act1_3/build/lib/act1_3
[1.185s] copying act1_3/__init__.py -> /root/ros2_tec_ws/src/act1_3/build/act1_3/build/lib/act1_3
[1.186s] running install
[1.186s] running install_lib
[1.188s] creating /root/ros2_tec_ws/src/act1_3/install/act1_3/lib/python3.10/site-packages/act1_3
[1.188s] copying /root/ros2_tec_ws/src/act1_3/build/act1_3/build/lib/act1_3/sphere_movement.py -> /root/ros2_tec_ws/src/act1_3/install/act1_3/lib/python3.10/site-packages/act1_3
[1.188s] copying /root/ros2_tec_ws/src/act1_3/build/act1_3/build/lib/act1_3/__init__.py -> /root/ros2_tec_ws/src/act1_3/install/act1_3/lib/python3.10/site-packages/act1_3
[1.189s] byte-compiling /root/ros2_tec_ws/src/act1_3/install/act1_3/lib/python3.10/site-packages/act1_3/sphere_movement.py to sphere_movement.cpython-310.pyc
[1.190s] byte-compiling /root/ros2_tec_ws/src/act1_3/install/act1_3/lib/python3.10/site-packages/act1_3/__init__.py to __init__.cpython-310.pyc
[1.190s] running install_data
[1.191s] creating /root/ros2_tec_ws/src/act1_3/install/act1_3/share/ament_index
[1.192s] creating /root/ros2_tec_ws/src/act1_3/install/act1_3/share/ament_index/resource_index
[1.192s] creating /root/ros2_tec_ws/src/act1_3/install/act1_3/share/ament_index/resource_index/packages
[1.193s] copying resource/act1_3 -> /root/ros2_tec_ws/src/act1_3/install/act1_3/share/ament_index/resource_index/packages
[1.193s] copying package.xml -> /root/ros2_tec_ws/src/act1_3/install/act1_3/share/act1_3
[1.193s] creating /root/ros2_tec_ws/src/act1_3/install/act1_3/share/act1_3/launch
[1.194s] error: can't copy 'launch/sphere_movement.launch.py': doesn't exist or not a regular file
[1.220s] Invoked command in '/root/ros2_tec_ws/src/act1_3' returned '1': PYTHONPATH=/root/ros2_tec_ws/src/act1_3/build/act1_3/prefix_override:/usr/lib/python3/dist-packages/colcon_core/task/python/colcon_distutils_commands:/root/ros2_tec_ws/src/act1_3/install/act1_3/lib/python3.10/site-packages:${PYTHONPATH} /usr/bin/python3 -W ignore:setup.py install is deprecated -W ignore:easy_install command is deprecated setup.py egg_info --egg-base build/act1_3 build --build-base /root/ros2_tec_ws/src/act1_3/build/act1_3/build install --record /root/ros2_tec_ws/src/act1_3/build/act1_3/install.log --single-version-externally-managed install_data
